<?xml version="1.0" encoding="UTF-8"?>
<!-- Generated by org.testng.reporters.JUnitReportReporter -->
<testsuite hostname="DESKTOP-J0A5UGV" failures="0" tests="2" name="scenario_2.TestCases.LoginPageTest" time="1.678" errors="0" timestamp="2024-01-07T17:57:30 IST" skipped="0">
  <testcase classname="scenario_2.TestCases.LoginPageTest" name="startLogin" time="1.663"/>
  <system-out/>
  <testcase classname="scenario_2.TestCases.LoginPageTest" name="doGeturl" time="0.015"/>
  <system-out/>
</testsuite> <!-- scenario_2.TestCases.LoginPageTest -->
