<?xml version="1.0" encoding="UTF-8"?>
<!-- Generated by org.testng.reporters.JUnitReportReporter -->
<testsuite hostname="DESKTOP-J0A5UGV" failures="0" tests="4" name="scenario_2.TestCases.AdminPageTest" time="11.337" errors="0" timestamp="2024-01-25T11:42:35 IST" skipped="0">
  <testcase classname="scenario_2.TestCases.AdminPageTest" name="Selectoptn" time="1.759"/>
  <system-out/>
  <testcase classname="scenario_2.TestCases.AdminPageTest" name="SearchUsrNm" time="2.735"/>
  <system-out/>
  <testcase classname="scenario_2.TestCases.AdminPageTest" name="SearchUsrRole" time="3.634"/>
  <system-out/>
  <testcase classname="scenario_2.TestCases.AdminPageTest" name="SearchUsrStatus" time="3.209"/>
  <system-out/>
</testsuite> <!-- scenario_2.TestCases.AdminPageTest -->
