<?xml version="1.0" encoding="UTF-8"?>
<!-- Generated by org.testng.reporters.JUnitReportReporter -->
<testsuite hostname="DESKTOP-J0A5UGV" failures="0" tests="1" name="sessionAppium.FirstSession" time="31.866" errors="0" timestamp="2024-03-03T06:26:45 IST" skipped="0">
  <testcase classname="sessionAppium.FirstSession" name="AndroidSession" time="31.866"/>
  <system-out/>
</testsuite> <!-- sessionAppium.FirstSession -->
