<?xml version="1.0" encoding="UTF-8"?>
<!-- Generated by org.testng.reporters.JUnitReportReporter -->
<testsuite hostname="DESKTOP-J0A5UGV" failures="0" tests="2" name="Assignment.Assi_1" time="3.956" errors="0" timestamp="2024-01-22T16:05:17 IST" skipped="0">
  <testcase classname="Assignment.Assi_1" name="Post_HashMap" time="3.067"/>
  <system-out/>
  <testcase classname="Assignment.Assi_1" name="Post_Pojo" time="0.889"/>
  <system-out/>
</testsuite> <!-- Assignment.Assi_1 -->
