<?xml version="1.0" encoding="UTF-8"?>
<!-- Generated by org.testng.reporters.JUnitReportReporter -->
<testsuite hostname="DESKTOP-J0A5UGV" failures="0" tests="3" name="htmlMethods.Header_cookies" time="2.610" errors="0" timestamp="2024-01-15T00:58:03 IST" skipped="0">
  <testcase classname="htmlMethods.Header_cookies" name="HeaderValidation" time="2.209"/>
  <system-out/>
  <testcase classname="htmlMethods.Header_cookies" name="Headertest" time="0.200"/>
  <system-out/>
  <testcase classname="htmlMethods.Header_cookies" name="CookiValid" time="0.201"/>
  <system-out/>
</testsuite> <!-- htmlMethods.Header_cookies -->
