<?xml version="1.0" encoding="UTF-8"?>
<!-- Generated by org.testng.reporters.JUnitReportReporter -->
<testsuite hostname="DESKTOP-J0A5UGV" failures="0" tests="3" name="htmlMethods.Put_DeleteDemo" time="4.509" errors="0" timestamp="2024-01-14T17:04:13 IST" skipped="0">
  <testcase classname="htmlMethods.Put_DeleteDemo" name="putRequest" time="2.691"/>
  <system-out/>
  <testcase classname="htmlMethods.Put_DeleteDemo" name="patchRequest" time="0.812"/>
  <system-out/>
  <testcase classname="htmlMethods.Put_DeleteDemo" name="DeleteReq" time="1.006"/>
  <system-out/>
</testsuite> <!-- htmlMethods.Put_DeleteDemo -->
