<?xml version="1.0" encoding="UTF-8"?>
<!-- Generated by org.testng.reporters.JUnitReportReporter -->
<testsuite hostname="DESKTOP-J0A5UGV" failures="0" tests="4" name="htmlMethods.User_getpostPutDelet" time="10.226" errors="0" timestamp="2024-01-15T00:12:26 IST" skipped="0">
  <testcase classname="htmlMethods.User_getpostPutDelet" name="createUser" time="4.146"/>
  <system-out/>
  <testcase classname="htmlMethods.User_getpostPutDelet" name="getUser" time="0.879"/>
  <system-out/>
  <testcase classname="htmlMethods.User_getpostPutDelet" name="PutUser" time="4.313"/>
  <system-out/>
  <testcase classname="htmlMethods.User_getpostPutDelet" name="DeleteUser" time="0.888"/>
  <system-out/>
</testsuite> <!-- htmlMethods.User_getpostPutDelet -->
