<?xml version="1.0" encoding="UTF-8"?>
<!-- Generated by org.testng.reporters.JUnitReportReporter -->
<testsuite hostname="DESKTOP-J0A5UGV" failures="0" tests="2" name="Assignment.Assin_3" time="2.852" errors="0" timestamp="2024-01-22T16:11:12 IST" skipped="0">
  <testcase classname="Assignment.Assin_3" name="firstPage" time="2.675"/>
  <system-out/>
  <testcase classname="Assignment.Assin_3" name="secondPage" time="0.177"/>
  <system-out/>
</testsuite> <!-- Assignment.Assin_3 -->
