<?xml version="1.0" encoding="UTF-8"?>
<!-- Generated by org.testng.reporters.JUnitReportReporter -->
<testsuite hostname="DESKTOP-J0A5UGV" failures="0" tests="2" name="htmlMethods.Serialisation_deserialisation" time="0.394" errors="0" timestamp="2024-01-15T01:26:51 IST" skipped="0">
  <testcase classname="htmlMethods.Serialisation_deserialisation" name="test_serialisation" time="0.025"/>
  <system-out/>
  <testcase classname="htmlMethods.Serialisation_deserialisation" name="de_serialisation" time="0.369"/>
  <system-out/>
</testsuite> <!-- htmlMethods.Serialisation_deserialisation -->
