<?xml version="1.0" encoding="UTF-8"?>
<!-- Generated by org.testng.reporters.JUnitReportReporter -->
<testsuite hostname="DESKTOP-J0A5UGV" failures="0" tests="1" name="Assignment.Assin_2" time="5.774" errors="0" timestamp="2024-01-22T16:08:39 IST" skipped="0">
  <testcase classname="Assignment.Assin_2" name="delete" time="5.774"/>
  <system-out/>
</testsuite> <!-- Assignment.Assin_2 -->
