<?xml version="1.0" encoding="UTF-8"?>
<!-- Generated by org.testng.reporters.JUnitReportReporter -->
<testsuite hostname="DESKTOP-J0A5UGV" failures="0" tests="1" name="Assignment.Assin_4" time="2.239" errors="0" timestamp="2024-01-22T16:14:17 IST" skipped="0">
  <testcase classname="Assignment.Assin_4" name="auth_2_0" time="2.239"/>
  <system-out/>
</testsuite> <!-- Assignment.Assin_4 -->
