<?xml version="1.0" encoding="UTF-8"?>
<!-- Generated by org.testng.reporters.JUnitReportReporter -->
<testsuite hostname="DESKTOP-J0A5UGV" failures="0" tests="1" name="htmlMethods.queryAndPathParameter" time="1.643" errors="0" timestamp="2024-03-09T07:56:58 IST" skipped="0">
  <testcase classname="htmlMethods.queryAndPathParameter" name="testparameter2" time="1.643"/>
  <system-out/>
</testsuite> <!-- htmlMethods.queryAndPathParameter -->
