<?xml version="1.0" encoding="UTF-8"?>
<!-- Generated by org.testng.reporters.JUnitReportReporter -->
<testsuite hostname="DESKTOP-J0A5UGV" failures="0" tests="2" name="htmlMethods.PostRequest" time="3.372" errors="0" timestamp="2024-01-14T16:47:16 IST" skipped="0">
  <testcase classname="htmlMethods.PostRequest" name="posHashmap" time="2.493"/>
  <system-out/>
  <testcase classname="htmlMethods.PostRequest" name="PojoMethod" time="0.879"/>
  <system-out/>
</testsuite> <!-- htmlMethods.PostRequest -->
