<?xml version="1.0" encoding="UTF-8"?>
<!-- Generated by org.testng.reporters.JUnitReportReporter -->
<testsuite hostname="DESKTOP-J0A5UGV" failures="0" tests="1" name="htmlMethods.First_GET" time="1.610" errors="0" timestamp="2024-01-14T11:03:57 IST" skipped="0">
  <testcase classname="htmlMethods.First_GET" name="getRequest_SingleUser" time="1.610"/>
  <system-out/>
</testsuite> <!-- htmlMethods.First_GET -->
