<?xml version="1.0" encoding="UTF-8"?>
<!-- Generated by org.testng.reporters.JUnitReportReporter -->
<testsuite hostname="DESKTOP-J0A5UGV" failures="0" tests="3" name="htmlMethods.ReqstLatestWay_Get" time="2.207" errors="0" timestamp="2024-01-14T16:02:52 IST" skipped="2">
  <testcase classname="htmlMethods.ReqstLatestWay_Get" name="getTestMethods" time="2.207"/>
  <system-out/>
  <testcase classname="htmlMethods.ReqstLatestWay_Get" name="getListofUsers">
    <skipped/>
  </testcase> <!-- getListofUsers -->
  <system-out/>
  <testcase classname="htmlMethods.ReqstLatestWay_Get" name="first_get">
    <skipped/>
  </testcase> <!-- first_get -->
  <system-out/>
</testsuite> <!-- htmlMethods.ReqstLatestWay_Get -->
