<?xml version="1.0" encoding="UTF-8"?>
<!-- Generated by org.testng.reporters.JUnitReportReporter -->
<testsuite hostname="DESKTOP-J0A5UGV" failures="0" tests="5" name="htmlMethods.Authentication" time="8.056" errors="0" timestamp="2024-01-15T15:52:03 IST" skipped="0">
  <testcase classname="htmlMethods.Authentication" name="basicAuth" time="4.296"/>
  <system-out/>
  <testcase classname="htmlMethods.Authentication" name="digestAuth" time="1.461"/>
  <system-out/>
  <testcase classname="htmlMethods.Authentication" name="preemptiveAuth" time="1.216"/>
  <system-out/>
  <testcase classname="htmlMethods.Authentication" name="BTockenAuth" time="0.517"/>
  <system-out/>
  <testcase classname="htmlMethods.Authentication" name="Auth2Auth" time="0.566"/>
  <system-out/>
</testsuite> <!-- htmlMethods.Authentication -->
