<?xml version="1.0" encoding="UTF-8"?>
<!-- Generated by org.testng.reporters.JUnitReportReporter -->
<testsuite hostname="DESKTOP-J0A5UGV" failures="0" tests="1" name="Assignment.Lulu" time="122.474" errors="0" timestamp="2024-03-04T19:59:19 IST" skipped="0">
  <testcase classname="Assignment.Lulu" name="SearchAndCartDemo" time="122.474"/>
  <system-out/>
</testsuite> <!-- Assignment.Lulu -->
