<?xml version="1.0" encoding="UTF-8"?>
<!-- Generated by org.testng.reporters.JUnitReportReporter -->
<testsuite hostname="DESKTOP-J0A5UGV" failures="0" tests="4" name="testNgDemo.TestDisable" time="0.007" errors="0" timestamp="2024-02-07T05:45:45 IST" skipped="1">
  <testcase classname="testNgDemo.TestDisable" name="TestCase_1" time="0.002"/>
  <system-out/>
  <testcase classname="testNgDemo.TestDisable" name="TestCase_4" time="0.003"/>
  <system-out/>
  <testcase classname="testNgDemo.TestDisable" name="TestCase_2" time="0.002"/>
  <system-out/>
  <testcase classname="testNgDemo.TestDisable" name="TestCase_3">
    <skipped/>
  </testcase> <!-- TestCase_3 -->
  <system-out/>
</testsuite> <!-- testNgDemo.TestDisable -->
