<?xml version="1.0" encoding="UTF-8"?>
<!-- Generated by org.testng.reporters.JUnitReportReporter -->
<testsuite hostname="DESKTOP-J0A5UGV" failures="0" tests="1" name="RevisionGroup.TestDemo_1" time="0.001" errors="0" timestamp="2024-02-07T06:22:14 IST" skipped="0">
  <testcase classname="RevisionGroup.TestDemo_1" name="TestCase_3" time="0.001"/>
  <system-out/>
</testsuite> <!-- RevisionGroup.TestDemo_1 -->
