<?xml version="1.0" encoding="UTF-8"?>
<!-- Generated by org.testng.reporters.JUnitReportReporter -->
<testsuite hostname="DESKTOP-J0A5UGV" failures="0" tests="3" name="testNgDemo.AnotationDemo" time="0.013" errors="0" timestamp="2024-02-07T05:45:45 IST" skipped="0">
  <testcase classname="testNgDemo.AnotationDemo" name="Registration" time="0.002"/>
  <system-out/>
  <testcase classname="testNgDemo.AnotationDemo" name="login" time="0.009"/>
  <system-out/>
  <testcase classname="testNgDemo.AnotationDemo" name="logout" time="0.002"/>
  <system-out/>
</testsuite> <!-- testNgDemo.AnotationDemo -->
