<?xml version="1.0" encoding="UTF-8"?>
<!-- Generated by org.testng.reporters.JUnitReportReporter -->
<testsuite hostname="DESKTOP-J0A5UGV" failures="0" tests="4" name="testNgDemo.TestDemo_3_Priority" time="0.008" errors="0" timestamp="2024-02-07T05:45:45 IST" skipped="0">
  <testcase classname="testNgDemo.TestDemo_3_Priority" name="Register" time="0.002"/>
  <system-out/>
  <testcase classname="testNgDemo.TestDemo_3_Priority" name="Login" time="0.002"/>
  <system-out/>
  <testcase classname="testNgDemo.TestDemo_3_Priority" name="SearchforProduct" time="0.002"/>
  <system-out/>
  <testcase classname="testNgDemo.TestDemo_3_Priority" name="AddtoCart" time="0.002"/>
  <system-out/>
</testsuite> <!-- testNgDemo.TestDemo_3_Priority -->
