<?xml version="1.0" encoding="UTF-8"?>
<!-- Generated by org.testng.reporters.JUnitReportReporter -->
<testsuite hostname="DESKTOP-J0A5UGV" failures="0" tests="1" name="testNgDemo.parameterDemo" time="11.755" errors="0" timestamp="2024-02-13T09:20:51 IST" skipped="0">
  <testcase classname="testNgDemo.parameterDemo" name="Login" time="11.755"/>
  <system-out/>
</testsuite> <!-- testNgDemo.parameterDemo -->
