<?xml version="1.0" encoding="UTF-8"?>
<!-- Generated by org.testng.reporters.JUnitReportReporter -->
<testsuite hostname="DESKTOP-J0A5UGV" failures="0" tests="3" name="Assignment.Ass_2_LoginTest" time="3.982" errors="0" timestamp="2024-01-24T21:15:13 IST" skipped="0">
  <testcase classname="Assignment.Ass_2_LoginTest" name="verifyUrl" time="0.022"/>
  <system-out/>
  <testcase classname="Assignment.Ass_2_LoginTest" name="verifyTitle" time="0.014"/>
  <system-out/>
  <testcase classname="Assignment.Ass_2_LoginTest" name="verifyLogin" time="3.946"/>
  <system-out/>
</testsuite> <!-- Assignment.Ass_2_LoginTest -->
