<?xml version="1.0" encoding="UTF-8"?>
<!-- Generated by org.testng.reporters.JUnitReportReporter -->
<testsuite hostname="DESKTOP-J0A5UGV" failures="0" tests="3" name="testNgDemo.TestDemo_2" time="27.823" errors="0" timestamp="2024-02-07T05:45:45 IST" skipped="0">
  <testcase classname="testNgDemo.TestDemo_2" name="TestChrome" time="2.967"/>
  <system-out/>
  <testcase classname="testNgDemo.TestDemo_2" name="TestFirfox" time="13.128"/>
  <system-out/>
  <testcase classname="testNgDemo.TestDemo_2" name="TestEdge" time="11.728"/>
  <system-out/>
</testsuite> <!-- testNgDemo.TestDemo_2 -->
