<?xml version="1.0" encoding="UTF-8"?>
<!-- Generated by org.testng.reporters.JUnitReportReporter -->
<testsuite hostname="DESKTOP-J0A5UGV" failures="0" tests="4" name="testNgDemo.revision" time="0.008" errors="0" timestamp="2024-02-07T05:45:45 IST" skipped="0">
  <testcase classname="testNgDemo.revision" name="compltTraing" time="0.002"/>
  <system-out/>
  <testcase classname="testNgDemo.revision" name="studied" time="0.003"/>
  <system-out/>
  <testcase classname="testNgDemo.revision" name="placed" time="0.002"/>
  <system-out/>
  <testcase classname="testNgDemo.revision" name="placed" time="0.001"/>
  <system-out/>
</testsuite> <!-- testNgDemo.revision -->
