<?xml version="1.0" encoding="UTF-8"?>
<!-- Generated by org.testng.reporters.JUnitReportReporter -->
<testsuite hostname="DESKTOP-J0A5UGV" failures="0" tests="5" name="testNgDemo.GroupTestDemo" time="0.020" errors="0" timestamp="2024-02-07T05:45:45 IST" skipped="0">
  <testcase classname="testNgDemo.GroupTestDemo" name="verifyURL" time="0.002"/>
  <system-out/>
  <testcase classname="testNgDemo.GroupTestDemo" name="verifyLink" time="0.006"/>
  <system-out/>
  <testcase classname="testNgDemo.GroupTestDemo" name="verifyLogin" time="0.005"/>
  <system-out/>
  <testcase classname="testNgDemo.GroupTestDemo" name="verifyTitle" time="0.004"/>
  <system-out/>
  <testcase classname="testNgDemo.GroupTestDemo" name="verifyLogout" time="0.003"/>
  <system-out/>
</testsuite> <!-- testNgDemo.GroupTestDemo -->
