<?xml version="1.0" encoding="UTF-8"?>
<!-- Generated by org.testng.reporters.JUnitReportReporter -->
<testsuite hostname="DESKTOP-J0A5UGV" failures="0" tests="1" name="testNgDemo.screenShotDemo" time="10.896" errors="0" timestamp="2024-02-07T05:45:45 IST" skipped="0">
  <testcase classname="testNgDemo.screenShotDemo" name="capture" time="10.896"/>
  <system-out/>
</testsuite> <!-- testNgDemo.screenShotDemo -->
