<?xml version="1.0" encoding="UTF-8"?>
<!-- Generated by org.testng.reporters.JUnitReportReporter -->
<testsuite hostname="DESKTOP-J0A5UGV" failures="0" tests="3" name="PageObjectModel.TesCase.LoginPageTest" time="2.049" errors="0" timestamp="2023-12-25T20:01:52 IST" skipped="0">
  <testcase classname="PageObjectModel.TesCase.LoginPageTest" name="ferifyUrl" time="0.041"/>
  <system-out/>
  <testcase classname="PageObjectModel.TesCase.LoginPageTest" name="ferifyTitle" time="0.033"/>
  <system-out/>
  <testcase classname="PageObjectModel.TesCase.LoginPageTest" name="ferifyLogin" time="1.975"/>
  <system-out/>
</testsuite> <!-- PageObjectModel.TesCase.LoginPageTest -->
