<?xml version="1.0" encoding="UTF-8"?>
<!-- Generated by org.testng.reporters.JUnitReportReporter -->
<testsuite hostname="DESKTOP-J0A5UGV" failures="0" tests="1" name="DataDrivenTest.NewTest" time="9.527" errors="0" timestamp="2024-05-28T05:55:21 IST" skipped="0">
  <testcase classname="DataDrivenTest.NewTest" name="verify" time="9.527"/>
  <system-out/>
</testsuite> <!-- DataDrivenTest.NewTest -->
