<?xml version="1.0" encoding="UTF-8"?>
<!-- Generated by org.testng.reporters.JUnitReportReporter -->
<testsuite hostname="DESKTOP-J0A5UGV" failures="0" tests="3" name="Parallel_CrossbrowserTest.CrossBrowserTest" time="42.502" errors="0" timestamp="2023-12-30T11:05:12 IST" skipped="0">
  <testcase classname="Parallel_CrossbrowserTest.CrossBrowserTest" name="browserTest" time="7.382"/>
  <system-out/>
  <testcase classname="Parallel_CrossbrowserTest.CrossBrowserTest" name="browserTest" time="14.256"/>
  <system-out/>
  <testcase classname="Parallel_CrossbrowserTest.CrossBrowserTest" name="browserTest" time="20.864"/>
  <system-out/>
</testsuite> <!-- Parallel_CrossbrowserTest.CrossBrowserTest -->
