<?xml version="1.0" encoding="UTF-8"?>
<!-- Generated by org.testng.reporters.JUnitReportReporter -->
<testsuite hostname="DESKTOP-J0A5UGV" failures="0" tests="2" name="RealTimeAnnotationUse.CRMTestCase" time="1.519" errors="0" timestamp="2024-01-23T19:03:52 IST" skipped="0">
  <testcase classname="RealTimeAnnotationUse.CRMTestCase" name="signinLinkValidation" time="0.821"/>
  <system-out/>
  <testcase classname="RealTimeAnnotationUse.CRMTestCase" name="loginValidation" time="0.698"/>
  <system-out/>
</testsuite> <!-- RealTimeAnnotationUse.CRMTestCase -->
