<?xml version="1.0" encoding="UTF-8"?>
<!-- Generated by org.testng.reporters.JUnitReportReporter -->
<testsuite hostname="DESKTOP-J0A5UGV" failures="0" tests="1" name="testNgDemo.testdataUseXML" time="9.160" errors="0" timestamp="2023-12-29T13:42:07 IST" skipped="0">
  <testcase classname="testNgDemo.testdataUseXML" name="loginTest" time="9.160"/>
  <system-out/>
</testsuite> <!-- testNgDemo.testdataUseXML -->
