<?xml version="1.0" encoding="UTF-8"?>
<!-- Generated by org.testng.reporters.JUnitReportReporter -->
<testsuite hostname="DESKTOP-J0A5UGV" failures="0" tests="5" name="testNgDemo.TestDemo_4_InvocationCount" time="0.013" errors="0" timestamp="2024-02-07T05:45:45 IST" skipped="0">
  <testcase classname="testNgDemo.TestDemo_4_InvocationCount" name="EntrolFortheCourse" time="0.007"/>
  <system-out/>
  <testcase classname="testNgDemo.TestDemo_4_InvocationCount" name="Training" time="0.002"/>
  <system-out/>
  <testcase classname="testNgDemo.TestDemo_4_InvocationCount" name="PlacementCall" time="0.002"/>
  <system-out/>
  <testcase classname="testNgDemo.TestDemo_4_InvocationCount" name="PlacementCall" time="0.001"/>
  <system-out/>
  <testcase classname="testNgDemo.TestDemo_4_InvocationCount" name="PlacementCall" time="0.001"/>
  <system-out/>
</testsuite> <!-- testNgDemo.TestDemo_4_InvocationCount -->
