<?xml version="1.0" encoding="UTF-8"?>
<!-- Generated by org.testng.reporters.JUnitReportReporter -->
<testsuite hostname="DESKTOP-J0A5UGV" failures="0" tests="1" name="Assignment.Assin_5" time="4.083" errors="0" timestamp="2023-12-29T01:11:57 IST" skipped="0">
  <testcase classname="Assignment.Assin_5" name="getScreenshot" time="4.083"/>
  <system-out/>
</testsuite> <!-- Assignment.Assin_5 -->
