<?xml version="1.0" encoding="UTF-8"?>
<!-- Generated by org.testng.reporters.JUnitReportReporter -->
<testsuite hostname="DESKTOP-J0A5UGV" failures="0" tests="2" name="testNgDemo.AssertionDemo_2" time="0.012" errors="0" timestamp="2024-02-07T05:45:45 IST" skipped="0">
  <testcase classname="testNgDemo.AssertionDemo_2" name="AssertionTrue" time="0.004"/>
  <system-out/>
  <testcase classname="testNgDemo.AssertionDemo_2" name="SoftAssertion" time="0.008"/>
  <system-out/>
</testsuite> <!-- testNgDemo.AssertionDemo_2 -->
