<?xml version="1.0" encoding="UTF-8"?>
<!-- Generated by org.testng.reporters.JUnitReportReporter -->
<testsuite hostname="DESKTOP-J0A5UGV" failures="0" tests="4" name="Parallel_CrossbrowserTest.parallelmethod" time="7.089" errors="0" timestamp="2024-04-06T14:59:05 IST" skipped="0">
  <testcase classname="Parallel_CrossbrowserTest.parallelmethod" name="setup" time="4.471"/>
  <system-out/>
  <testcase classname="Parallel_CrossbrowserTest.parallelmethod" name="methidb" time="0.930"/>
  <system-out/>
  <testcase classname="Parallel_CrossbrowserTest.parallelmethod" name="methida" time="0.839"/>
  <system-out/>
  <testcase classname="Parallel_CrossbrowserTest.parallelmethod" name="methidc" time="0.849"/>
  <system-out/>
</testsuite> <!-- Parallel_CrossbrowserTest.parallelmethod -->
