<?xml version="1.0" encoding="UTF-8"?>
<!-- Generated by org.testng.reporters.JUnitReportReporter -->
<testsuite hostname="DESKTOP-J0A5UGV" failures="0" tests="3" name="Parallel_CrossbrowserTest.ParallelWithMethod" time="18.946" errors="0" timestamp="2024-04-06T11:05:27 IST" skipped="0">
  <testcase classname="Parallel_CrossbrowserTest.ParallelWithMethod" name="TestEdge" time="5.654"/>
  <system-out/>
  <testcase classname="Parallel_CrossbrowserTest.ParallelWithMethod" name="TestFirfox" time="5.779"/>
  <system-out/>
  <testcase classname="Parallel_CrossbrowserTest.ParallelWithMethod" name="TestChrome" time="7.513"/>
  <system-out/>
</testsuite> <!-- Parallel_CrossbrowserTest.ParallelWithMethod -->
