<?xml version="1.0" encoding="UTF-8"?>
<!-- Generated by org.testng.reporters.JUnitReportReporter -->
<testsuite hostname="DESKTOP-J0A5UGV" failures="0" tests="1" name="testNgDemo.GoogleTitleValidation" time="4.472" errors="0" timestamp="2024-02-07T05:45:45 IST" skipped="0">
  <testcase classname="testNgDemo.GoogleTitleValidation" name="TitleValidation" time="4.472"/>
  <system-out/>
</testsuite> <!-- testNgDemo.GoogleTitleValidation -->
