<?xml version="1.0" encoding="UTF-8"?>
<!-- Generated by org.testng.reporters.JUnitReportReporter -->
<testsuite hostname="DESKTOP-J0A5UGV" failures="0" tests="2" name="RevisionGroup.TestDem1" time="0.010" errors="0" timestamp="2024-03-08T18:45:20 IST" skipped="0">
  <testcase classname="RevisionGroup.TestDem1" name="TestCase_22" time="0.008"/>
  <system-out/>
  <testcase classname="RevisionGroup.TestDem1" name="TestCase_24" time="0.002"/>
  <system-out/>
</testsuite> <!-- RevisionGroup.TestDem1 -->
