<?xml version="1.0" encoding="UTF-8"?>
<!-- Generated by org.testng.reporters.JUnitReportReporter -->
<testsuite hostname="DESKTOP-J0A5UGV" failures="0" tests="3" name="testNgDemo.TestDemo_1" time="0.012" errors="0" timestamp="2024-02-07T05:59:00 IST" skipped="1">
  <testcase classname="testNgDemo.TestDemo_1" name="TestCase_1" time="0.011"/>
  <system-out/>
  <testcase classname="testNgDemo.TestDemo_1" name="TestCase_4" time="0.001"/>
  <system-out/>
  <testcase classname="testNgDemo.TestDemo_1" name="TestCase_3">
    <skipped/>
  </testcase> <!-- TestCase_3 -->
  <system-out/>
</testsuite> <!-- testNgDemo.TestDemo_1 -->
