<?xml version="1.0" encoding="UTF-8"?>
<!-- Generated by org.testng.reporters.JUnitReportReporter -->
<testsuite hostname="DESKTOP-J0A5UGV" failures="0" tests="1" name="DataDrivenTest.ExcllDataRead" time="0.648" errors="0" timestamp="2023-12-30T22:22:18 IST" skipped="0">
  <testcase classname="DataDrivenTest.ExcllDataRead" name="DataRead" time="0.648"/>
  <system-out/>
</testsuite> <!-- DataDrivenTest.ExcllDataRead -->
