<?xml version="1.0" encoding="UTF-8"?>
<!-- Generated by org.testng.reporters.JUnitReportReporter -->
<testsuite hostname="DESKTOP-J0A5UGV" failures="0" tests="1" name="mouseKeyboard.lulu" time="13.913" errors="0" timestamp="2024-01-01T02:01:37 IST" skipped="0">
  <testcase classname="mouseKeyboard.lulu" name="login" time="13.913"/>
  <system-out/>
</testsuite> <!-- mouseKeyboard.lulu -->
