<?xml version="1.0" encoding="UTF-8"?>
<!-- Generated by org.testng.reporters.JUnitReportReporter -->
<testsuite hostname="DESKTOP-J0A5UGV" failures="0" tests="1" name="Parallel_CrossbrowserTest.Class_2" time="11.376" errors="0" timestamp="2024-03-09T04:26:55 IST" skipped="0">
  <testcase classname="Parallel_CrossbrowserTest.Class_2" name="TestFirfox" time="11.376"/>
  <system-out/>
</testsuite> <!-- Parallel_CrossbrowserTest.Class_2 -->
