<?xml version="1.0" encoding="UTF-8"?>
<!-- Generated by org.testng.reporters.JUnitReportReporter -->
<testsuite hostname="DESKTOP-J0A5UGV" failures="0" tests="3" name="DataDrivenTest.test" time="0.014" errors="0" timestamp="2024-02-10T15:20:42 IST" skipped="0">
  <testcase classname="DataDrivenTest.test" name="test3" time="0.010"/>
  <system-out/>
  <testcase classname="DataDrivenTest.test" name="test1" time="0.002"/>
  <system-out/>
  <testcase classname="DataDrivenTest.test" name="test2" time="0.002"/>
  <system-out/>
</testsuite> <!-- DataDrivenTest.test -->
