<?xml version="1.0" encoding="UTF-8"?>
<!-- Generated by org.testng.reporters.JUnitReportReporter -->
<testsuite hostname="DESKTOP-J0A5UGV" failures="0" tests="1" name="RevHtmlMethods.serialisation_deser" time="0.499" errors="0" timestamp="2024-02-28T11:23:10 IST" skipped="0">
  <testcase classname="RevHtmlMethods.serialisation_deser" name="serialisation" time="0.499"/>
  <system-out/>
</testsuite> <!-- RevHtmlMethods.serialisation_deser -->
