<?xml version="1.0" encoding="UTF-8"?>
<!-- Generated by org.testng.reporters.JUnitReportReporter -->
<testsuite hostname="DESKTOP-J0A5UGV" failures="0" tests="5" name="RevHtmlMethods.getApiTest" time="4.725" errors="0" timestamp="2024-06-18T07:57:51 IST" skipped="0">
  <testcase classname="RevHtmlMethods.getApiTest" name="firstGet" time="2.124"/>
  <system-out/>
  <testcase classname="RevHtmlMethods.getApiTest" name="secondGet" time="1.143"/>
  <system-out/>
  <testcase classname="RevHtmlMethods.getApiTest" name="ThirdGet" time="0.511"/>
  <system-out/>
  <testcase classname="RevHtmlMethods.getApiTest" name="resAsStringGet" time="0.500"/>
  <system-out/>
  <testcase classname="RevHtmlMethods.getApiTest" name="resAsStringNameGet" time="0.447"/>
  <system-out/>
</testsuite> <!-- RevHtmlMethods.getApiTest -->
