<?xml version="1.0" encoding="UTF-8"?>
<!-- Generated by org.testng.reporters.JUnitReportReporter -->
<testsuite hostname="DESKTOP-J0A5UGV" failures="0" tests="2" name="RevHtmlMethods.bddStyle" time="2.562" errors="0" timestamp="2024-02-28T06:12:26 IST" skipped="1">
  <testcase classname="RevHtmlMethods.bddStyle" name="testGet" time="2.562"/>
  <system-out/>
  <testcase classname="RevHtmlMethods.bddStyle" name="multipleuser">
    <skipped/>
  </testcase> <!-- multipleuser -->
  <system-out/>
</testsuite> <!-- RevHtmlMethods.bddStyle -->
