<?xml version="1.0" encoding="UTF-8"?>
<!-- Generated by org.testng.reporters.JUnitReportReporter -->
<testsuite hostname="DESKTOP-J0A5UGV" failures="0" tests="3" name="RevHtmlMethods.Rev_Auth" time="9.727" errors="0" timestamp="2024-03-02T08:05:40 IST" skipped="0">
  <testcase classname="RevHtmlMethods.Rev_Auth" name="BasicAuth" time="6.250"/>
  <system-out/>
  <testcase classname="RevHtmlMethods.Rev_Auth" name="preemitiveAuth" time="1.598"/>
  <system-out/>
  <testcase classname="RevHtmlMethods.Rev_Auth" name="DigestAuth" time="1.879"/>
  <system-out/>
</testsuite> <!-- RevHtmlMethods.Rev_Auth -->
