<?xml version="1.0" encoding="UTF-8"?>
<!-- Generated by org.testng.reporters.JUnitReportReporter -->
<testsuite hostname="DESKTOP-J0A5UGV" failures="0" tests="2" name="RevHtmlMethods.headerValid" time="1.826" errors="0" timestamp="2024-02-28T06:33:53 IST" skipped="1">
  <testcase classname="RevHtmlMethods.headerValid" name="testheader" time="1.826"/>
  <system-out/>
  <testcase classname="RevHtmlMethods.headerValid" name="HeaderDemo">
    <skipped/>
  </testcase> <!-- HeaderDemo -->
  <system-out/>
</testsuite> <!-- RevHtmlMethods.headerValid -->
