<?xml version="1.0" encoding="UTF-8"?>
<!-- Generated by org.testng.reporters.JUnitReportReporter -->
<testsuite hostname="DESKTOP-J0A5UGV" failures="0" tests="4" name="RevHtmlMethods.sameUserAllflow" time="4.114" errors="0" timestamp="2024-03-01T07:16:49 IST" skipped="0">
  <testcase classname="RevHtmlMethods.sameUserAllflow" name="postDemo" time="2.855"/>
  <system-out/>
  <testcase classname="RevHtmlMethods.sameUserAllflow" name="getuser" time="0.456"/>
  <system-out/>
  <testcase classname="RevHtmlMethods.sameUserAllflow" name="putDemo" time="0.426"/>
  <system-out/>
  <testcase classname="RevHtmlMethods.sameUserAllflow" name="deletUser" time="0.377"/>
  <system-out/>
</testsuite> <!-- RevHtmlMethods.sameUserAllflow -->
