<?xml version="1.0" encoding="UTF-8"?>
<!-- Generated by org.testng.reporters.JUnitReportReporter -->
<testsuite hostname="DESKTOP-J0A5UGV" failures="0" tests="2" name="RevHtmlMethods.postReq" time="5.197" errors="0" timestamp="2024-05-28T22:24:47 IST" skipped="0">
  <testcase classname="RevHtmlMethods.postReq" name="hashmapdemo" time="4.272"/>
  <system-out/>
  <testcase classname="RevHtmlMethods.postReq" name="post_pojo" time="0.925"/>
  <system-out/>
</testsuite> <!-- RevHtmlMethods.postReq -->
