<?xml version="1.0" encoding="UTF-8"?>
<!-- Generated by org.testng.reporters.JUnitReportReporter -->
<testsuite hostname="DESKTOP-J0A5UGV" failures="0" tests="2" name="RevHtmlMethods.AutomatePost" time="5.805" errors="0" timestamp="2024-06-21T02:56:44 IST" skipped="0">
  <testcase classname="RevHtmlMethods.AutomatePost" name="Vaildate_post" time="4.489"/>
  <system-out/>
  <testcase classname="RevHtmlMethods.AutomatePost" name="BeforClass" time="1.316"/>
  <system-out/>
</testsuite> <!-- RevHtmlMethods.AutomatePost -->
