<?xml version="1.0" encoding="UTF-8"?>
<!-- Generated by org.testng.reporters.JUnitReportReporter -->
<testsuite hostname="DESKTOP-J0A5UGV" failures="0" tests="2" name="NewMethods.payloadInResouceFile" time="4.018" errors="0" timestamp="2024-06-21T17:44:03 IST" skipped="0">
  <testcase classname="NewMethods.payloadInResouceFile" name="BeforClass" time="0.913"/>
  <system-out/>
  <testcase classname="NewMethods.payloadInResouceFile" name="PostTest" time="3.105"/>
  <system-out/>
</testsuite> <!-- NewMethods.payloadInResouceFile -->
